Performing C++ SOURCE FILE Test COMPILER_SUPPORT_Wshorten64to32 failed with the following output:
Change Dir: /home/jeff/github/gottingen/eigen/build/CMakeFiles/CMakeTmp

Run Build Command(s):/usr/bin/make -f Makefile cmTC_cef69/fast && /usr/bin/make  -f CMakeFiles/cmTC_cef69.dir/build.make CMakeFiles/cmTC_cef69.dir/build
make[1]: Entering directory '/home/jeff/github/gottingen/eigen/build/CMakeFiles/CMakeTmp'
Building CXX object CMakeFiles/cmTC_cef69.dir/src.cxx.o
/usr/bin/c++ -DCOMPILER_SUPPORT_Wshorten64to32  -std=c++03 -pedantic -Wall -Wextra -Wundef -Wcast-align -Wchar-subscripts -Wnon-virtual-dtor -Wunused-local-typedefs -Wpointer-arith -Wwrite-strings -Wformat-security -Werror   -Wshorten-64-to-32 -o CMakeFiles/cmTC_cef69.dir/src.cxx.o -c /home/jeff/github/gottingen/eigen/build/CMakeFiles/CMakeTmp/src.cxx
c++: error: unrecognized command line option '-Wshorten-64-to-32'
make[1]: *** [CMakeFiles/cmTC_cef69.dir/build.make:78: CMakeFiles/cmTC_cef69.dir/src.cxx.o] Error 1
make[1]: Leaving directory '/home/jeff/github/gottingen/eigen/build/CMakeFiles/CMakeTmp'
make: *** [Makefile:127: cmTC_cef69/fast] Error 2


Source file was:
int main() { return 0; }
Performing C++ SOURCE FILE Test COMPILER_SUPPORT_Wenumconversion failed with the following output:
Change Dir: /home/jeff/github/gottingen/eigen/build/CMakeFiles/CMakeTmp

Run Build Command(s):/usr/bin/make -f Makefile cmTC_45b4e/fast && /usr/bin/make  -f CMakeFiles/cmTC_45b4e.dir/build.make CMakeFiles/cmTC_45b4e.dir/build
make[1]: Entering directory '/home/jeff/github/gottingen/eigen/build/CMakeFiles/CMakeTmp'
Building CXX object CMakeFiles/cmTC_45b4e.dir/src.cxx.o
/usr/bin/c++ -DCOMPILER_SUPPORT_Wenumconversion  -std=c++03 -pedantic -Wall -Wextra -Wundef -Wcast-align -Wchar-subscripts -Wnon-virtual-dtor -Wunused-local-typedefs -Wpointer-arith -Wwrite-strings -Wformat-security -Wlogical-op -Werror   -Wenum-conversion -o CMakeFiles/cmTC_45b4e.dir/src.cxx.o -c /home/jeff/github/gottingen/eigen/build/CMakeFiles/CMakeTmp/src.cxx
c++: error: unrecognized command line option '-Wenum-conversion'; did you mean '-Wno-conversion'?
make[1]: *** [CMakeFiles/cmTC_45b4e.dir/build.make:78: CMakeFiles/cmTC_45b4e.dir/src.cxx.o] Error 1
make[1]: Leaving directory '/home/jeff/github/gottingen/eigen/build/CMakeFiles/CMakeTmp'
make: *** [Makefile:127: cmTC_45b4e/fast] Error 2


Source file was:
int main() { return 0; }
Performing C++ SOURCE FILE Test COMPILER_SUPPORT_Wcpp11extensions failed with the following output:
Change Dir: /home/jeff/github/gottingen/eigen/build/CMakeFiles/CMakeTmp

Run Build Command(s):/usr/bin/make -f Makefile cmTC_9e8fe/fast && /usr/bin/make  -f CMakeFiles/cmTC_9e8fe.dir/build.make CMakeFiles/cmTC_9e8fe.dir/build
make[1]: Entering directory '/home/jeff/github/gottingen/eigen/build/CMakeFiles/CMakeTmp'
Building CXX object CMakeFiles/cmTC_9e8fe.dir/src.cxx.o
/usr/bin/c++ -DCOMPILER_SUPPORT_Wcpp11extensions  -std=c++03 -pedantic -Wall -Wextra -Wundef -Wcast-align -Wchar-subscripts -Wnon-virtual-dtor -Wunused-local-typedefs -Wpointer-arith -Wwrite-strings -Wformat-security -Wlogical-op -Werror   -Wc++11-extensions -o CMakeFiles/cmTC_9e8fe.dir/src.cxx.o -c /home/jeff/github/gottingen/eigen/build/CMakeFiles/CMakeTmp/src.cxx
c++: error: unrecognized command line option '-Wc++11-extensions'; did you mean '-fms-extensions'?
make[1]: *** [CMakeFiles/cmTC_9e8fe.dir/build.make:78: CMakeFiles/cmTC_9e8fe.dir/src.cxx.o] Error 1
make[1]: Leaving directory '/home/jeff/github/gottingen/eigen/build/CMakeFiles/CMakeTmp'
make: *** [Makefile:127: cmTC_9e8fe/fast] Error 2


Source file was:
int main() { return 0; }
Performing C++ SOURCE FILE Test COMPILER_SUPPORT_wd981 failed with the following output:
Change Dir: /home/jeff/github/gottingen/eigen/build/CMakeFiles/CMakeTmp

Run Build Command(s):/usr/bin/make -f Makefile cmTC_8e232/fast && /usr/bin/make  -f CMakeFiles/cmTC_8e232.dir/build.make CMakeFiles/cmTC_8e232.dir/build
make[1]: Entering directory '/home/jeff/github/gottingen/eigen/build/CMakeFiles/CMakeTmp'
Building CXX object CMakeFiles/cmTC_8e232.dir/src.cxx.o
/usr/bin/c++ -DCOMPILER_SUPPORT_wd981  -std=c++03 -pedantic -Wall -Wextra -Wundef -Wcast-align -Wchar-subscripts -Wnon-virtual-dtor -Wunused-local-typedefs -Wpointer-arith -Wwrite-strings -Wformat-security -Wlogical-op -Wdouble-promotion -Wshadow -Wno-psabi -Wno-variadic-macros -Wno-long-long -fno-check-new -fno-common -fstrict-aliasing -Werror   -wd981 -o CMakeFiles/cmTC_8e232.dir/src.cxx.o -c /home/jeff/github/gottingen/eigen/build/CMakeFiles/CMakeTmp/src.cxx
c++: error: unrecognized command line option '-wd981'
make[1]: *** [CMakeFiles/cmTC_8e232.dir/build.make:78: CMakeFiles/cmTC_8e232.dir/src.cxx.o] Error 1
make[1]: Leaving directory '/home/jeff/github/gottingen/eigen/build/CMakeFiles/CMakeTmp'
make: *** [Makefile:127: cmTC_8e232/fast] Error 2


Source file was:
int main() { return 0; }
Performing C++ SOURCE FILE Test COMPILER_SUPPORT_wd2304 failed with the following output:
Change Dir: /home/jeff/github/gottingen/eigen/build/CMakeFiles/CMakeTmp

Run Build Command(s):/usr/bin/make -f Makefile cmTC_b4025/fast && /usr/bin/make  -f CMakeFiles/cmTC_b4025.dir/build.make CMakeFiles/cmTC_b4025.dir/build
make[1]: Entering directory '/home/jeff/github/gottingen/eigen/build/CMakeFiles/CMakeTmp'
Building CXX object CMakeFiles/cmTC_b4025.dir/src.cxx.o
/usr/bin/c++ -DCOMPILER_SUPPORT_wd2304  -std=c++03 -pedantic -Wall -Wextra -Wundef -Wcast-align -Wchar-subscripts -Wnon-virtual-dtor -Wunused-local-typedefs -Wpointer-arith -Wwrite-strings -Wformat-security -Wlogical-op -Wdouble-promotion -Wshadow -Wno-psabi -Wno-variadic-macros -Wno-long-long -fno-check-new -fno-common -fstrict-aliasing -Werror   -wd2304 -o CMakeFiles/cmTC_b4025.dir/src.cxx.o -c /home/jeff/github/gottingen/eigen/build/CMakeFiles/CMakeTmp/src.cxx
c++: error: unrecognized command line option '-wd2304'
make[1]: *** [CMakeFiles/cmTC_b4025.dir/build.make:78: CMakeFiles/cmTC_b4025.dir/src.cxx.o] Error 1
make[1]: Leaving directory '/home/jeff/github/gottingen/eigen/build/CMakeFiles/CMakeTmp'
make: *** [Makefile:127: cmTC_b4025/fast] Error 2


Source file was:
int main() { return 0; }
Performing C++ SOURCE FILE Test COMPILER_SUPPORT_STRICTANSI failed with the following output:
Change Dir: /home/jeff/github/gottingen/eigen/build/CMakeFiles/CMakeTmp

Run Build Command(s):/usr/bin/make -f Makefile cmTC_9de1f/fast && /usr/bin/make  -f CMakeFiles/cmTC_9de1f.dir/build.make CMakeFiles/cmTC_9de1f.dir/build
make[1]: Entering directory '/home/jeff/github/gottingen/eigen/build/CMakeFiles/CMakeTmp'
Building CXX object CMakeFiles/cmTC_9de1f.dir/src.cxx.o
/usr/bin/c++ -DCOMPILER_SUPPORT_STRICTANSI  -std=c++03 -pedantic -Wall -Wextra -Wundef -Wcast-align -Wchar-subscripts -Wnon-virtual-dtor -Wunused-local-typedefs -Wpointer-arith -Wwrite-strings -Wformat-security -Wlogical-op -Wdouble-promotion -Wshadow -Wno-psabi -Wno-variadic-macros -Wno-long-long -fno-check-new -fno-common -fstrict-aliasing -Werror   -strict-ansi -o CMakeFiles/cmTC_9de1f.dir/src.cxx.o -c /home/jeff/github/gottingen/eigen/build/CMakeFiles/CMakeTmp/src.cxx
c++: error: unrecognized command line option '-strict-ansi'; did you mean '-fstrict-enums'?
make[1]: *** [CMakeFiles/cmTC_9de1f.dir/build.make:78: CMakeFiles/cmTC_9de1f.dir/src.cxx.o] Error 1
make[1]: Leaving directory '/home/jeff/github/gottingen/eigen/build/CMakeFiles/CMakeTmp'
make: *** [Makefile:127: cmTC_9de1f/fast] Error 2


Source file was:
int main() { return 0; }
Performing C++ SOURCE FILE Test COMPILER_SUPPORT_Qunusedarguments failed with the following output:
Change Dir: /home/jeff/github/gottingen/eigen/build/CMakeFiles/CMakeTmp

Run Build Command(s):/usr/bin/make -f Makefile cmTC_7c666/fast && /usr/bin/make  -f CMakeFiles/cmTC_7c666.dir/build.make CMakeFiles/cmTC_7c666.dir/build
make[1]: Entering directory '/home/jeff/github/gottingen/eigen/build/CMakeFiles/CMakeTmp'
Building CXX object CMakeFiles/cmTC_7c666.dir/src.cxx.o
/usr/bin/c++ -DCOMPILER_SUPPORT_Qunusedarguments  -std=c++03 -pedantic -Wall -Wextra -Wundef -Wcast-align -Wchar-subscripts -Wnon-virtual-dtor -Wunused-local-typedefs -Wpointer-arith -Wwrite-strings -Wformat-security -Wlogical-op -Wdouble-promotion -Wshadow -Wno-psabi -Wno-variadic-macros -Wno-long-long -fno-check-new -fno-common -fstrict-aliasing -Werror   -Qunused-arguments -o CMakeFiles/cmTC_7c666.dir/src.cxx.o -c /home/jeff/github/gottingen/eigen/build/CMakeFiles/CMakeTmp/src.cxx
c++: error: unrecognized command line option '-Qunused-arguments'
make[1]: *** [CMakeFiles/cmTC_7c666.dir/build.make:78: CMakeFiles/cmTC_7c666.dir/src.cxx.o] Error 1
make[1]: Leaving directory '/home/jeff/github/gottingen/eigen/build/CMakeFiles/CMakeTmp'
make: *** [Makefile:127: cmTC_7c666/fast] Error 2


Source file was:
int main() { return 0; }
Looking for a Fortran compiler failed with the following output:
-- The Fortran compiler identification is unknown
CMake Error at CMakeLists.txt:2 (project):
  No CMAKE_Fortran_COMPILER could be found.

  Tell CMake where to find the compiler by setting either the environment
  variable "FC" or the CMake cache entry CMAKE_Fortran_COMPILER to the full
  path to the compiler, or to the compiler name if it is in the PATH.


-- Configuring incomplete, errors occurred!
See also "/home/jeff/github/gottingen/eigen/build/test/CMakeFiles/CheckFortran/CMakeFiles/CMakeOutput.log".
See also "/home/jeff/github/gottingen/eigen/build/test/CMakeFiles/CheckFortran/CMakeFiles/CMakeError.log".

Performing C SOURCE FILE Test CMAKE_HAVE_LIBC_PTHREAD failed with the following output:
Change Dir: /home/jeff/github/gottingen/eigen/build/CMakeFiles/CMakeTmp

Run Build Command(s):/usr/bin/make -f Makefile cmTC_28a28/fast && /usr/bin/make  -f CMakeFiles/cmTC_28a28.dir/build.make CMakeFiles/cmTC_28a28.dir/build
make[1]: Entering directory '/home/jeff/github/gottingen/eigen/build/CMakeFiles/CMakeTmp'
Building C object CMakeFiles/cmTC_28a28.dir/src.c.o
/usr/bin/cc -DCMAKE_HAVE_LIBC_PTHREAD   -o CMakeFiles/cmTC_28a28.dir/src.c.o -c /home/jeff/github/gottingen/eigen/build/CMakeFiles/CMakeTmp/src.c
Linking C executable cmTC_28a28
/usr/local/bin/cmake -E cmake_link_script CMakeFiles/cmTC_28a28.dir/link.txt --verbose=1
/usr/bin/cc CMakeFiles/cmTC_28a28.dir/src.c.o -o cmTC_28a28 
/usr/bin/ld: CMakeFiles/cmTC_28a28.dir/src.c.o: in function `main':
src.c:(.text+0x46): undefined reference to `pthread_create'
/usr/bin/ld: src.c:(.text+0x52): undefined reference to `pthread_detach'
/usr/bin/ld: src.c:(.text+0x5e): undefined reference to `pthread_cancel'
/usr/bin/ld: src.c:(.text+0x6f): undefined reference to `pthread_join'
collect2: error: ld returned 1 exit status
make[1]: *** [CMakeFiles/cmTC_28a28.dir/build.make:99: cmTC_28a28] Error 1
make[1]: Leaving directory '/home/jeff/github/gottingen/eigen/build/CMakeFiles/CMakeTmp'
make: *** [Makefile:127: cmTC_28a28/fast] Error 2


Source file was:
#include <pthread.h>

static void* test_func(void* data)
{
  return data;
}

int main(void)
{
  pthread_t thread;
  pthread_create(&thread, NULL, test_func, NULL);
  pthread_detach(thread);
  pthread_cancel(thread);
  pthread_join(thread, NULL);
  pthread_atfork(NULL, NULL, NULL);
  pthread_exit(NULL);

  return 0;
}

Determining if the function pthread_create exists in the pthreads failed with the following output:
Change Dir: /home/jeff/github/gottingen/eigen/build/CMakeFiles/CMakeTmp

Run Build Command(s):/usr/bin/make -f Makefile cmTC_2a4c4/fast && /usr/bin/make  -f CMakeFiles/cmTC_2a4c4.dir/build.make CMakeFiles/cmTC_2a4c4.dir/build
make[1]: Entering directory '/home/jeff/github/gottingen/eigen/build/CMakeFiles/CMakeTmp'
Building C object CMakeFiles/cmTC_2a4c4.dir/CheckFunctionExists.c.o
/usr/bin/cc   -DCHECK_FUNCTION_EXISTS=pthread_create -o CMakeFiles/cmTC_2a4c4.dir/CheckFunctionExists.c.o -c /usr/local/share/cmake-3.24/Modules/CheckFunctionExists.c
Linking C executable cmTC_2a4c4
/usr/local/bin/cmake -E cmake_link_script CMakeFiles/cmTC_2a4c4.dir/link.txt --verbose=1
/usr/bin/cc  -DCHECK_FUNCTION_EXISTS=pthread_create CMakeFiles/cmTC_2a4c4.dir/CheckFunctionExists.c.o -o cmTC_2a4c4  -lpthreads 
/usr/bin/ld: cannot find -lpthreads
collect2: error: ld returned 1 exit status
make[1]: *** [CMakeFiles/cmTC_2a4c4.dir/build.make:99: cmTC_2a4c4] Error 1
make[1]: Leaving directory '/home/jeff/github/gottingen/eigen/build/CMakeFiles/CMakeTmp'
make: *** [Makefile:127: cmTC_2a4c4/fast] Error 2



Performing C SOURCE FILE Test SCOTCH_Num_4 failed with the following compile output:
Change Dir: /home/jeff/github/gottingen/eigen/build/CMakeFiles/CMakeTmp

Run Build Command(s):/usr/bin/make -f Makefile cmTC_d49c3/fast && /usr/bin/make  -f CMakeFiles/cmTC_d49c3.dir/build.make CMakeFiles/cmTC_d49c3.dir/build
make[1]: Entering directory '/home/jeff/github/gottingen/eigen/build/CMakeFiles/CMakeTmp'
Building C object CMakeFiles/cmTC_d49c3.dir/src.c.o
/usr/bin/cc -DSCOTCH_Num_4  -fopenmp -o CMakeFiles/cmTC_d49c3.dir/src.c.o -c /home/jeff/github/gottingen/eigen/build/CMakeFiles/CMakeTmp/src.c
/home/jeff/github/gottingen/eigen/build/CMakeFiles/CMakeTmp/src.c:4:10: fatal error: scotch.h: No such file or directory
    4 | #include <scotch.h>
      |          ^~~~~~~~~~
compilation terminated.
make[1]: *** [CMakeFiles/cmTC_d49c3.dir/build.make:78: CMakeFiles/cmTC_d49c3.dir/src.c.o] Error 1
make[1]: Leaving directory '/home/jeff/github/gottingen/eigen/build/CMakeFiles/CMakeTmp'
make: *** [Makefile:127: cmTC_d49c3/fast] Error 2


...and run output:

Return value: 1
Source file was:

#include <stdio.h>
#include <stdint.h>
#include <scotch.h>
int main(int argc, char **argv) {
  if (sizeof(SCOTCH_Num) == 4)
    return 0;
  else
    return 1;
}

Performing C SOURCE FILE Test SCOTCH_Num_8 failed with the following compile output:
Change Dir: /home/jeff/github/gottingen/eigen/build/CMakeFiles/CMakeTmp

Run Build Command(s):/usr/bin/make -f Makefile cmTC_89146/fast && /usr/bin/make  -f CMakeFiles/cmTC_89146.dir/build.make CMakeFiles/cmTC_89146.dir/build
make[1]: Entering directory '/home/jeff/github/gottingen/eigen/build/CMakeFiles/CMakeTmp'
Building C object CMakeFiles/cmTC_89146.dir/src.c.o
/usr/bin/cc -DSCOTCH_Num_8  -fopenmp -o CMakeFiles/cmTC_89146.dir/src.c.o -c /home/jeff/github/gottingen/eigen/build/CMakeFiles/CMakeTmp/src.c
/home/jeff/github/gottingen/eigen/build/CMakeFiles/CMakeTmp/src.c:4:10: fatal error: scotch.h: No such file or directory
    4 | #include <scotch.h>
      |          ^~~~~~~~~~
compilation terminated.
make[1]: *** [CMakeFiles/cmTC_89146.dir/build.make:78: CMakeFiles/cmTC_89146.dir/src.c.o] Error 1
make[1]: Leaving directory '/home/jeff/github/gottingen/eigen/build/CMakeFiles/CMakeTmp'
make: *** [Makefile:127: cmTC_89146/fast] Error 2


...and run output:

Return value: 1
Source file was:

#include <stdio.h>
#include <stdint.h>
#include <scotch.h>
int main(int argc, char **argv) {
  if (sizeof(SCOTCH_Num) == 8)
    return 0;
  else
    return 1;
}

